{"/home/croso1024/JS_code/learnNodeJS/project/site/meadowlark3.js": {"path":"/home/croso1024/JS_code/learnNodeJS/project/site/meadowlark3.js","statementMap":{"0":{"start":{"line":10,"column":16},"end":{"line":10,"column":41}},"1":{"start":{"line":13,"column":16},"end":{"line":13,"column":34}},"2":{"start":{"line":14,"column":12},"end":{"line":14,"column":21}},"3":{"start":{"line":15,"column":13},"end":{"line":15,"column":37}},"4":{"start":{"line":18,"column":26},"end":{"line":18,"column":55}},"5":{"start":{"line":19,"column":0},"end":{"line":19,"column":75}},"6":{"start":{"line":20,"column":0},"end":{"line":20,"column":37}},"7":{"start":{"line":22,"column":0},"end":{"line":22,"column":47}},"8":{"start":{"line":27,"column":0},"end":{"line":27,"column":30}},"9":{"start":{"line":29,"column":0},"end":{"line":29,"column":36}},"10":{"start":{"line":31,"column":0},"end":{"line":33,"column":2}},"11":{"start":{"line":34,"column":0},"end":{"line":36,"column":2}},"12":{"start":{"line":45,"column":0},"end":{"line":55,"column":1}},"13":{"start":{"line":46,"column":4},"end":{"line":51,"column":5}},"14":{"start":{"line":48,"column":12},"end":{"line":48,"column":73}},"15":{"start":{"line":49,"column":12},"end":{"line":49,"column":63}},"16":{"start":{"line":54,"column":4},"end":{"line":54,"column":24}}},"fnMap":{"0":{"name":"(anonymous_0)","decl":{"start":{"line":47,"column":15},"end":{"line":47,"column":16}},"loc":{"start":{"line":47,"column":19},"end":{"line":50,"column":9}},"line":47}},"branchMap":{"0":{"loc":{"start":{"line":15,"column":13},"end":{"line":15,"column":37}},"type":"binary-expr","locations":[{"start":{"line":15,"column":13},"end":{"line":15,"column":29}},{"start":{"line":15,"column":33},"end":{"line":15,"column":37}}],"line":15},"1":{"loc":{"start":{"line":45,"column":0},"end":{"line":55,"column":1}},"type":"if","locations":[{"start":{"line":45,"column":0},"end":{"line":55,"column":1}},{"start":{"line":53,"column":5},"end":{"line":55,"column":1}}],"line":45}},"s":{"0":1,"1":1,"2":1,"3":1,"4":1,"5":1,"6":1,"7":1,"8":1,"9":1,"10":1,"11":1,"12":1,"13":0,"14":0,"15":0,"16":1},"f":{"0":0},"b":{"0":[1,1],"1":[0,1]},"_coverageSchema":"1a1c01bbd47fc00a2c39e90264f33305004495a9","hash":"0c582a50bf988af7bf3488cfd65b1d04775f4e55"}
,"/home/croso1024/JS_code/learnNodeJS/project/site/lib/fortune.js": {"path":"/home/croso1024/JS_code/learnNodeJS/project/site/lib/fortune.js","statementMap":{"0":{"start":{"line":2,"column":17},"end":{"line":9,"column":1}},"1":{"start":{"line":13,"column":0},"end":{"line":16,"column":1}},"2":{"start":{"line":14,"column":16},"end":{"line":14,"column":59}},"3":{"start":{"line":15,"column":4},"end":{"line":15,"column":26}}},"fnMap":{"0":{"name":"(anonymous_0)","decl":{"start":{"line":13,"column":21},"end":{"line":13,"column":22}},"loc":{"start":{"line":13,"column":27},"end":{"line":16,"column":1}},"line":13}},"branchMap":{},"s":{"0":2,"1":2,"2":2,"3":2},"f":{"0":2},"b":{},"_coverageSchema":"1a1c01bbd47fc00a2c39e90264f33305004495a9","hash":"62fe15962d8d25ea2f073410fd8899b1f69638ae"}
,"/home/croso1024/JS_code/learnNodeJS/project/site/lib/handlers.js": {"path":"/home/croso1024/JS_code/learnNodeJS/project/site/lib/handlers.js","statementMap":{"0":{"start":{"line":1,"column":16},"end":{"line":1,"column":36}},"1":{"start":{"line":4,"column":0},"end":{"line":4,"column":51}},"2":{"start":{"line":4,"column":31},"end":{"line":4,"column":49}},"3":{"start":{"line":6,"column":0},"end":{"line":6,"column":85}},"4":{"start":{"line":6,"column":31},"end":{"line":6,"column":84}},"5":{"start":{"line":8,"column":0},"end":{"line":8,"column":52}},"6":{"start":{"line":8,"column":34},"end":{"line":8,"column":51}},"7":{"start":{"line":14,"column":0},"end":{"line":14,"column":69}},"8":{"start":{"line":14,"column":51},"end":{"line":14,"column":68}}},"fnMap":{"0":{"name":"(anonymous_0)","decl":{"start":{"line":4,"column":15},"end":{"line":4,"column":16}},"loc":{"start":{"line":4,"column":31},"end":{"line":4,"column":49}},"line":4},"1":{"name":"(anonymous_1)","decl":{"start":{"line":6,"column":16},"end":{"line":6,"column":17}},"loc":{"start":{"line":6,"column":31},"end":{"line":6,"column":84}},"line":6},"2":{"name":"(anonymous_2)","decl":{"start":{"line":8,"column":19},"end":{"line":8,"column":20}},"loc":{"start":{"line":8,"column":34},"end":{"line":8,"column":51}},"line":8},"3":{"name":"(anonymous_3)","decl":{"start":{"line":14,"column":22},"end":{"line":14,"column":23}},"loc":{"start":{"line":14,"column":51},"end":{"line":14,"column":68}},"line":14}},"branchMap":{},"s":{"0":2,"1":2,"2":2,"3":2,"4":2,"5":2,"6":3,"7":2,"8":1},"f":{"0":2,"1":2,"2":3,"3":1},"b":{},"_coverageSchema":"1a1c01bbd47fc00a2c39e90264f33305004495a9","hash":"7c122eb177fe354cda23be0316d58b6b1518d730"}
}
